\BOOKMARK [0][-]{chapter.1}{Introduction}{}% 1
\BOOKMARK [0][-]{chapter.2}{CRIStAL laboratry}{}% 2
\BOOKMARK [1][-]{section.2.1}{History}{chapter.2}% 3
\BOOKMARK [1][-]{section.2.2}{Research activities}{chapter.2}% 4
\BOOKMARK [1][-]{section.2.3}{2XS team}{chapter.2}% 5
\BOOKMARK [0][-]{chapter.3}{PIP project}{}% 6
\BOOKMARK [1][-]{section.3.1}{PIP protokernel}{chapter.3}% 7
\BOOKMARK [2][-]{subsection.3.1.1}{A minimal OS kernel with provable isolation}{section.3.1}% 8
\BOOKMARK [2][-]{subsection.3.1.2}{Horizontal isolation \046 vertical sharing}{section.3.1}% 9
\BOOKMARK [2][-]{subsection.3.1.3}{Proof-oriented design}{section.3.1}% 10
\BOOKMARK [2][-]{subsection.3.1.4}{In-depth understanding of PIP's Data structures}{section.3.1}% 11
\BOOKMARK [1][-]{section.3.2}{Hoare logic}{chapter.3}% 12
\BOOKMARK [2][-]{subsection.3.2.1}{Introduction to Hoare logic theory}{section.3.2}% 13
\BOOKMARK [2][-]{subsection.3.2.2}{Hoare logic in the shallow embedding}{section.3.2}% 14
\BOOKMARK [1][-]{section.3.3}{The deep embedding}{chapter.3}% 15
\BOOKMARK [2][-]{subsection.3.3.1}{DEC}{section.3.3}% 16
\BOOKMARK [2][-]{subsection.3.3.2}{Deep embedding constructs}{section.3.3}% 17
\BOOKMARK [2][-]{subsection.3.3.3}{Hoare logic in the deep embedding}{section.3.3}% 18
\BOOKMARK [0][-]{chapter.4}{Proving invariants in the deep embedding}{}% 19
\BOOKMARK [1][-]{section.4.1}{Preliminary experiments}{chapter.4}% 20
\BOOKMARK [1][-]{section.4.2}{Modelling the PIP state in the deep embedding}{chapter.4}% 21
\BOOKMARK [1][-]{section.4.3}{1st invariant and proof}{chapter.4}% 22
\BOOKMARK [2][-]{subsection.4.3.1}{Invariant in the shallow embedding}{section.4.3}% 23
\BOOKMARK [2][-]{subsection.4.3.2}{Modelling the getFstShadow function}{section.4.3}% 24
\BOOKMARK [2][-]{subsection.4.3.3}{Invariant in the deep embedding}{section.4.3}% 25
\BOOKMARK [2][-]{subsection.4.3.4}{Invariant proof}{section.4.3}% 26
\BOOKMARK [2][-]{subsection.4.3.5}{The Apply approach}{section.4.3}% 27
\BOOKMARK [1][-]{section.4.4}{2nd invariant and proof}{chapter.4}% 28
\BOOKMARK [1][-]{section.4.5}{3rd invariant and proof}{chapter.4}% 29
\BOOKMARK [1][-]{section.4.6}{Observations}{chapter.4}% 30
\BOOKMARK [2][-]{subsection.4.6.1}{Deep vs shallow}{section.4.6}% 31
\BOOKMARK [2][-]{subsection.4.6.2}{Importance of Hoare triple rules}{section.4.6}% 32
\BOOKMARK [2][-]{subsection.4.6.3}{Lack of a Pattern matching Construct}{section.4.6}% 33
\BOOKMARK [2][-]{subsection.4.6.4}{Dealing with values in the deep embedding}{section.4.6}% 34
\BOOKMARK [2][-]{subsection.4.6.5}{Defining Shallow functions}{section.4.6}% 35
\BOOKMARK [2][-]{subsection.4.6.6}{Deep implementation of shallow functions}{section.4.6}% 36
\BOOKMARK [0][-]{chapter.5}{Conclusion}{}% 37
\BOOKMARK [0][-]{chapter*.13}{Bibliography}{}% 38
\BOOKMARK [0][-]{section*.14}{Appendixes : Project Files}{}% 39
\BOOKMARK [0][-]{Appendix.a.A}{IdModTypeA.v}{}% 40
\BOOKMARK [0][-]{Appendix.a.B}{Pip\137state.v}{}% 41
\BOOKMARK [0][-]{Appendix.a.C}{Lib.v}{}% 42
\BOOKMARK [0][-]{Appendix.a.D}{Hoare\137getFstShadow.v}{}% 43
\BOOKMARK [0][-]{Appendix.a.E}{Hoare\137writeVirtualInv.v}{}% 44
\BOOKMARK [0][-]{Appendix.a.F}{Hoare\137initVAddrTable.v}{}% 45
